2026-06-25T10:13:48.659+05:30  INFO 10964 --- [BookManagement] [restartedMain] c.n.B.BookManagementApplication          : Starting BookManagementApplication using Java 21.0.10 with PID 10964 (C:\Users\sreyanshsrivastava\OneDrive - Nagarro\Desktop\Work\sreyansh-srivastava_3221514\Module5\BookManagement\target\classes started by sreyanshsrivastava in C:\Users\sreyanshsrivastava\OneDrive - Nagarro\Desktop\Work\sreyansh-srivastava_3221514\Module5\BookManagement)
2026-06-25T10:13:48.669+05:30 DEBUG 10964 --- [BookManagement] [restartedMain] c.n.B.BookManagementApplication          : Running with Spring Boot v3.5.15, Spring v6.2.19
2026-06-25T10:13:48.675+05:30  INFO 10964 --- [BookManagement] [restartedMain] c.n.B.BookManagementApplication          : No active profile set, falling back to 1 default profile: "default"
2026-06-25T10:13:48.746+05:30  INFO 10964 --- [BookManagement] [restartedMain] .e.DevToolsPropertyDefaultsPostProcessor : Devtools property defaults active! Set 'spring.devtools.add-properties' to 'false' to disable
2026-06-25T10:13:48.747+05:30  INFO 10964 --- [BookManagement] [restartedMain] .e.DevToolsPropertyDefaultsPostProcessor : For additional web related logging consider setting the 'logging.level.web' property to 'DEBUG'
2026-06-25T10:13:50.836+05:30  INFO 10964 --- [BookManagement] [restartedMain] .s.d.r.c.RepositoryConfigurationDelegate : Bootstrapping Spring Data JPA repositories in DEFAULT mode.
2026-06-25T10:13:50.909+05:30  INFO 10964 --- [BookManagement] [restartedMain] .s.d.r.c.RepositoryConfigurationDelegate : Finished Spring Data repository scanning in 58 ms. Found 2 JPA repository interfaces.
2026-06-25T10:13:51.762+05:30  INFO 10964 --- [BookManagement] [restartedMain] o.s.b.w.embedded.tomcat.TomcatWebServer  : Tomcat initialized with port 8080 (http)
2026-06-25T10:13:51.796+05:30  INFO 10964 --- [BookManagement] [restartedMain] o.apache.catalina.core.StandardService   : Starting service [Tomcat]
2026-06-25T10:13:51.796+05:30  INFO 10964 --- [BookManagement] [restartedMain] o.apache.catalina.core.StandardEngine    : Starting Servlet engine: [Apache Tomcat/10.1.55]
2026-06-25T10:13:51.902+05:30  INFO 10964 --- [BookManagement] [restartedMain] o.a.c.c.C.[Tomcat].[localhost].[/]       : Initializing Spring embedded WebApplicationContext
2026-06-25T10:13:51.902+05:30  INFO 10964 --- [BookManagement] [restartedMain] w.s.c.ServletWebServerApplicationContext : Root WebApplicationContext: initialization completed in 3155 ms
2026-06-25T10:13:52.427+05:30  INFO 10964 --- [BookManagement] [restartedMain] o.hibernate.jpa.internal.util.LogHelper  : HHH000204: Processing PersistenceUnitInfo [name: default]
2026-06-25T10:13:52.538+05:30  INFO 10964 --- [BookManagement] [restartedMain] org.hibernate.Version                    : HHH000412: Hibernate ORM core version 6.6.53.Final
2026-06-25T10:13:52.616+05:30  INFO 10964 --- [BookManagement] [restartedMain] o.h.c.internal.RegionFactoryInitiator    : HHH000026: Second-level cache disabled
2026-06-25T10:13:53.001+05:30  INFO 10964 --- [BookManagement] [restartedMain] o.s.o.j.p.SpringPersistenceUnitInfo      : No LoadTimeWeaver setup: ignoring JPA class transformer
2026-06-25T10:13:53.034+05:30  INFO 10964 --- [BookManagement] [restartedMain] com.zaxxer.hikari.HikariDataSource       : HikariPool-1 - Starting...
2026-06-25T10:13:53.801+05:30  INFO 10964 --- [BookManagement] [restartedMain] com.zaxxer.hikari.pool.HikariPool        : HikariPool-1 - Added connection org.postgresql.jdbc.PgConnection@22c805a0
2026-06-25T10:13:53.804+05:30  INFO 10964 --- [BookManagement] [restartedMain] com.zaxxer.hikari.HikariDataSource       : HikariPool-1 - Start completed.
2026-06-25T10:13:53.914+05:30  INFO 10964 --- [BookManagement] [restartedMain] org.hibernate.orm.connections.pooling    : HHH10001005: Database info:
	Database JDBC URL [Connecting through datasource 'HikariDataSource (HikariPool-1)']
	Database driver: undefined/unknown
	Database version: 18.4
	Autocommit mode: undefined/unknown
	Isolation level: undefined/unknown
	Minimum pool size: undefined/unknown
	Maximum pool size: undefined/unknown
2026-06-25T10:13:54.966+05:30  INFO 10964 --- [BookManagement] [restartedMain] o.h.e.t.j.p.i.JtaPlatformInitiator       : HHH000489: No JTA platform available (set 'hibernate.transaction.jta.platform' to enable JTA platform integration)
2026-06-25T10:13:55.125+05:30  INFO 10964 --- [BookManagement] [restartedMain] j.LocalContainerEntityManagerFactoryBean : Initialized JPA EntityManagerFactory for persistence unit 'default'
2026-06-25T10:13:55.926+05:30  WARN 10964 --- [BookManagement] [restartedMain] JpaBaseConfiguration$JpaWebConfiguration : spring.jpa.open-in-view is enabled by default. Therefore, database queries may be performed during view rendering. Explicitly configure spring.jpa.open-in-view to disable this warning
2026-06-25T10:13:55.973+05:30  INFO 10964 --- [BookManagement] [restartedMain] r$InitializeUserDetailsManagerConfigurer : Global AuthenticationManager configured with UserDetailsService bean with name userDetailsService
2026-06-25T10:13:56.494+05:30  INFO 10964 --- [BookManagement] [restartedMain] o.s.b.a.e.web.EndpointLinksResolver      : Exposing 1 endpoint beneath base path '/actuator'
2026-06-25T10:13:57.059+05:30  INFO 10964 --- [BookManagement] [restartedMain] o.s.b.d.a.OptionalLiveReloadServer       : LiveReload server is running on port 35729
2026-06-25T10:13:57.160+05:30  INFO 10964 --- [BookManagement] [restartedMain] o.s.b.w.embedded.tomcat.TomcatWebServer  : Tomcat started on port 8080 (http) with context path '/'
2026-06-25T10:13:57.179+05:30  INFO 10964 --- [BookManagement] [restartedMain] c.n.B.BookManagementApplication          : Started BookManagementApplication in 9.05 seconds (process running for 9.712)
2026-06-25T10:25:25.043+05:30  INFO 10964 --- [BookManagement] [File Watcher] rtingClassPathChangeChangedEventListener : Restarting due to 26 class path changes (0 additions, 0 deletions, 26 modifications)
2026-06-25T10:25:25.047+05:30  INFO 10964 --- [BookManagement] [Thread-5] o.s.b.w.e.tomcat.GracefulShutdown        : Commencing graceful shutdown. Waiting for active requests to complete
2026-06-25T10:25:25.056+05:30  INFO 10964 --- [BookManagement] [tomcat-shutdown] o.s.b.w.e.tomcat.GracefulShutdown        : Graceful shutdown complete
2026-06-25T10:25:25.063+05:30  INFO 10964 --- [BookManagement] [Thread-5] j.LocalContainerEntityManagerFactoryBean : Closing JPA EntityManagerFactory for persistence unit 'default'
2026-06-25T10:25:25.067+05:30  INFO 10964 --- [BookManagement] [Thread-5] com.zaxxer.hikari.HikariDataSource       : HikariPool-1 - Shutdown initiated...
2026-06-25T10:25:25.073+05:30  INFO 10964 --- [BookManagement] [Thread-5] com.zaxxer.hikari.HikariDataSource       : HikariPool-1 - Shutdown completed.
2026-06-25T10:25:25.182+05:30  INFO 10964 --- [BookManagement] [restartedMain] c.n.B.BookManagementApplication          : Starting BookManagementApplication using Java 21.0.10 with PID 10964 (C:\Users\sreyanshsrivastava\OneDrive - Nagarro\Desktop\Work\sreyansh-srivastava_3221514\Module5\BookManagement\target\classes started by sreyanshsrivastava in C:\Users\sreyanshsrivastava\OneDrive - Nagarro\Desktop\Work\sreyansh-srivastava_3221514\Module5\BookManagement)
2026-06-25T10:25:25.182+05:30 DEBUG 10964 --- [BookManagement] [restartedMain] c.n.B.BookManagementApplication          : Running with Spring Boot v3.5.15, Spring v6.2.19
2026-06-25T10:25:25.183+05:30  INFO 10964 --- [BookManagement] [restartedMain] c.n.B.BookManagementApplication          : No active profile set, falling back to 1 default profile: "default"
2026-06-25T10:25:25.958+05:30  INFO 10964 --- [BookManagement] [restartedMain] .s.d.r.c.RepositoryConfigurationDelegate : Bootstrapping Spring Data JPA repositories in DEFAULT mode.
2026-06-25T10:25:25.985+05:30  INFO 10964 --- [BookManagement] [restartedMain] .s.d.r.c.RepositoryConfigurationDelegate : Finished Spring Data repository scanning in 25 ms. Found 2 JPA repository interfaces.
2026-06-25T10:25:26.167+05:30  INFO 10964 --- [BookManagement] [restartedMain] o.s.b.w.embedded.tomcat.TomcatWebServer  : Tomcat initialized with port 8080 (http)
2026-06-25T10:25:26.169+05:30  INFO 10964 --- [BookManagement] [restartedMain] o.apache.catalina.core.StandardService   : Starting service [Tomcat]
2026-06-25T10:25:26.169+05:30  INFO 10964 --- [BookManagement] [restartedMain] o.apache.catalina.core.StandardEngine    : Starting Servlet engine: [Apache Tomcat/10.1.55]
2026-06-25T10:25:26.215+05:30  INFO 10964 --- [BookManagement] [restartedMain] o.a.c.c.C.[Tomcat].[localhost].[/]       : Initializing Spring embedded WebApplicationContext
2026-06-25T10:25:26.215+05:30  INFO 10964 --- [BookManagement] [restartedMain] w.s.c.ServletWebServerApplicationContext : Root WebApplicationContext: initialization completed in 1029 ms
2026-06-25T10:25:26.300+05:30  INFO 10964 --- [BookManagement] [restartedMain] o.hibernate.jpa.internal.util.LogHelper  : HHH000204: Processing PersistenceUnitInfo [name: default]
2026-06-25T10:25:26.306+05:30  INFO 10964 --- [BookManagement] [restartedMain] o.h.c.internal.RegionFactoryInitiator    : HHH000026: Second-level cache disabled
2026-06-25T10:25:26.326+05:30  INFO 10964 --- [BookManagement] [restartedMain] o.s.o.j.p.SpringPersistenceUnitInfo      : No LoadTimeWeaver setup: ignoring JPA class transformer
2026-06-25T10:25:26.328+05:30  INFO 10964 --- [BookManagement] [restartedMain] com.zaxxer.hikari.HikariDataSource       : HikariPool-2 - Starting...
2026-06-25T10:25:26.497+05:30  INFO 10964 --- [BookManagement] [restartedMain] com.zaxxer.hikari.pool.HikariPool        : HikariPool-2 - Added connection org.postgresql.jdbc.PgConnection@6b3579b8
2026-06-25T10:25:26.497+05:30  INFO 10964 --- [BookManagement] [restartedMain] com.zaxxer.hikari.HikariDataSource       : HikariPool-2 - Start completed.
2026-06-25T10:25:26.511+05:30  INFO 10964 --- [BookManagement] [restartedMain] org.hibernate.orm.connections.pooling    : HHH10001005: Database info:
	Database JDBC URL [Connecting through datasource 'HikariDataSource (HikariPool-2)']
	Database driver: undefined/unknown
	Database version: 18.4
	Autocommit mode: undefined/unknown
	Isolation level: undefined/unknown
	Minimum pool size: undefined/unknown
	Maximum pool size: undefined/unknown
2026-06-25T10:25:26.609+05:30  INFO 10964 --- [BookManagement] [restartedMain] o.h.e.t.j.p.i.JtaPlatformInitiator       : HHH000489: No JTA platform available (set 'hibernate.transaction.jta.platform' to enable JTA platform integration)
2026-06-25T10:25:26.696+05:30  INFO 10964 --- [BookManagement] [restartedMain] j.LocalContainerEntityManagerFactoryBean : Initialized JPA EntityManagerFactory for persistence unit 'default'
2026-06-25T10:25:27.014+05:30  WARN 10964 --- [BookManagement] [restartedMain] JpaBaseConfiguration$JpaWebConfiguration : spring.jpa.open-in-view is enabled by default. Therefore, database queries may be performed during view rendering. Explicitly configure spring.jpa.open-in-view to disable this warning
2026-06-25T10:25:27.026+05:30  INFO 10964 --- [BookManagement] [restartedMain] r$InitializeUserDetailsManagerConfigurer : Global AuthenticationManager configured with UserDetailsService bean with name userDetailsService
2026-06-25T10:25:27.162+05:30  INFO 10964 --- [BookManagement] [restartedMain] o.s.b.a.e.web.EndpointLinksResolver      : Exposing 1 endpoint beneath base path '/actuator'
2026-06-25T10:25:27.344+05:30  INFO 10964 --- [BookManagement] [restartedMain] o.s.b.d.a.OptionalLiveReloadServer       : LiveReload server is running on port 35729
2026-06-25T10:25:27.364+05:30  INFO 10964 --- [BookManagement] [restartedMain] o.s.b.w.embedded.tomcat.TomcatWebServer  : Tomcat started on port 8080 (http) with context path '/'
2026-06-25T10:25:27.377+05:30  INFO 10964 --- [BookManagement] [restartedMain] c.n.B.BookManagementApplication          : Started BookManagementApplication in 2.247 seconds (process running for 699.909)
2026-06-25T10:25:27.381+05:30  INFO 10964 --- [BookManagement] [restartedMain] .ConditionEvaluationDeltaLoggingListener : Condition evaluation unchanged
2026-06-25T10:27:37.783+05:30  INFO 10964 --- [BookManagement] [http-nio-8080-exec-3] o.apache.tomcat.util.http.parser.Cookie  : A cookie header was received [${jndi:dns://MDEDiscovery11cd928156Cookie-8080}] that contained an invalid cookie. That cookie will be ignored.
 Note: further occurrences of this error will be logged at DEBUG level.
2026-06-25T10:27:37.788+05:30  INFO 10964 --- [BookManagement] [http-nio-8080-exec-3] o.a.c.c.C.[Tomcat].[localhost].[/]       : Initializing Spring DispatcherServlet 'dispatcherServlet'
2026-06-25T10:27:37.789+05:30  INFO 10964 --- [BookManagement] [http-nio-8080-exec-3] o.s.web.servlet.DispatcherServlet        : Initializing Servlet 'dispatcherServlet'
2026-06-25T10:27:37.790+05:30  INFO 10964 --- [BookManagement] [http-nio-8080-exec-3] o.s.web.servlet.DispatcherServlet        : Completed initialization in 1 ms
2026-06-25T10:27:38.980+05:30  INFO 10964 --- [BookManagement] [http-nio-8080-exec-7] o.apache.coyote.http11.Http11Processor   : Error parsing HTTP request header
 Note: further occurrences of HTTP request parsing errors will be logged at DEBUG level.

java.lang.IllegalArgumentException: Invalid character found in the request target [/js/?${jndi:dns://MDEDiscovery11cd928156SeenInTheWildGet-8080} ]. The valid characters are defined in RFC 7230 and RFC 3986
	at org.apache.coyote.http11.Http11InputBuffer.parseRequestLine(Http11InputBuffer.java:477) ~[tomcat-embed-core-10.1.55.jar:10.1.55]
	at org.apache.coyote.http11.Http11Processor.service(Http11Processor.java:272) ~[tomcat-embed-core-10.1.55.jar:10.1.55]
	at org.apache.coyote.AbstractProcessorLight.process(AbstractProcessorLight.java:63) ~[tomcat-embed-core-10.1.55.jar:10.1.55]
	at org.apache.coyote.AbstractProtocol$ConnectionHandler.process(AbstractProtocol.java:1272) ~[tomcat-embed-core-10.1.55.jar:10.1.55]
	at org.apache.tomcat.util.net.NioEndpoint$SocketProcessor.doRun(NioEndpoint.java:1797) ~[tomcat-embed-core-10.1.55.jar:10.1.55]
	at org.apache.tomcat.util.net.SocketProcessorBase.run(SocketProcessorBase.java:52) ~[tomcat-embed-core-10.1.55.jar:10.1.55]
	at org.apache.tomcat.util.threads.ThreadPoolExecutor.runWorker(ThreadPoolExecutor.java:973) ~[tomcat-embed-core-10.1.55.jar:10.1.55]
	at org.apache.tomcat.util.threads.ThreadPoolExecutor$Worker.run(ThreadPoolExecutor.java:491) ~[tomcat-embed-core-10.1.55.jar:10.1.55]
	at org.apache.tomcat.util.threads.TaskThread$WrappingRunnable.run(TaskThread.java:63) ~[tomcat-embed-core-10.1.55.jar:10.1.55]
	at java.base/java.lang.Thread.run(Thread.java:1583) ~[na:na]

2026-06-25T10:27:40.410+05:30  INFO 10964 --- [BookManagement] [http-nio-8080-exec-1] o.apache.coyote.http11.Http11Processor   : Error parsing HTTP request header
 Note: further occurrences of HTTP request parsing errors will be logged at DEBUG level.

java.lang.IllegalArgumentException: Invalid character found in the request target [/struts2-showcase/${jndi:dns://MDEDiscovery11cd928156ApacheStruts2-8080} ]. The valid characters are defined in RFC 7230 and RFC 3986
	at org.apache.coyote.http11.Http11InputBuffer.parseRequestLine(Http11InputBuffer.java:485) ~[tomcat-embed-core-10.1.55.jar:10.1.55]
	at org.apache.coyote.http11.Http11Processor.service(Http11Processor.java:272) ~[tomcat-embed-core-10.1.55.jar:10.1.55]
	at org.apache.coyote.AbstractProcessorLight.process(AbstractProcessorLight.java:63) ~[tomcat-embed-core-10.1.55.jar:10.1.55]
	at org.apache.coyote.AbstractProtocol$ConnectionHandler.process(AbstractProtocol.java:1272) ~[tomcat-embed-core-10.1.55.jar:10.1.55]
	at org.apache.tomcat.util.net.NioEndpoint$SocketProcessor.doRun(NioEndpoint.java:1797) ~[tomcat-embed-core-10.1.55.jar:10.1.55]
	at org.apache.tomcat.util.net.SocketProcessorBase.run(SocketProcessorBase.java:52) ~[tomcat-embed-core-10.1.55.jar:10.1.55]
	at org.apache.tomcat.util.threads.ThreadPoolExecutor.runWorker(ThreadPoolExecutor.java:973) ~[tomcat-embed-core-10.1.55.jar:10.1.55]
	at org.apache.tomcat.util.threads.ThreadPoolExecutor$Worker.run(ThreadPoolExecutor.java:491) ~[tomcat-embed-core-10.1.55.jar:10.1.55]
	at org.apache.tomcat.util.threads.TaskThread$WrappingRunnable.run(TaskThread.java:63) ~[tomcat-embed-core-10.1.55.jar:10.1.55]
	at java.base/java.lang.Thread.run(Thread.java:1583) ~[na:na]

2026-06-25T10:27:40.515+05:30  INFO 10964 --- [BookManagement] [http-nio-8080-exec-3] o.apache.coyote.http11.Http11Processor   : Error parsing HTTP request header
 Note: further occurrences of HTTP request parsing errors will be logged at DEBUG level.

java.lang.IllegalArgumentException: Invalid character found in the request target [/analytics/telemetry/ph/api/hyper/send?_c=${jndi:dns://MDEDiscovery11cd928156VMwarevCenter-8080}&i=test ]. The valid characters are defined in RFC 7230 and RFC 3986
	at org.apache.coyote.http11.Http11InputBuffer.parseRequestLine(Http11InputBuffer.java:477) ~[tomcat-embed-core-10.1.55.jar:10.1.55]
	at org.apache.coyote.http11.Http11Processor.service(Http11Processor.java:272) ~[tomcat-embed-core-10.1.55.jar:10.1.55]
	at org.apache.coyote.AbstractProcessorLight.process(AbstractProcessorLight.java:63) ~[tomcat-embed-core-10.1.55.jar:10.1.55]
	at org.apache.coyote.AbstractProtocol$ConnectionHandler.process(AbstractProtocol.java:1272) ~[tomcat-embed-core-10.1.55.jar:10.1.55]
	at org.apache.tomcat.util.net.NioEndpoint$SocketProcessor.doRun(NioEndpoint.java:1797) ~[tomcat-embed-core-10.1.55.jar:10.1.55]
	at org.apache.tomcat.util.net.SocketProcessorBase.run(SocketProcessorBase.java:52) ~[tomcat-embed-core-10.1.55.jar:10.1.55]
	at org.apache.tomcat.util.threads.ThreadPoolExecutor.runWorker(ThreadPoolExecutor.java:973) ~[tomcat-embed-core-10.1.55.jar:10.1.55]
	at org.apache.tomcat.util.threads.ThreadPoolExecutor$Worker.run(ThreadPoolExecutor.java:491) ~[tomcat-embed-core-10.1.55.jar:10.1.55]
	at org.apache.tomcat.util.threads.TaskThread$WrappingRunnable.run(TaskThread.java:63) ~[tomcat-embed-core-10.1.55.jar:10.1.55]
	at java.base/java.lang.Thread.run(Thread.java:1583) ~[na:na]

2026-06-25T10:27:42.700+05:30  INFO 10964 --- [BookManagement] [http-nio-8080-exec-5] o.apache.coyote.http11.Http11Processor   : Error parsing HTTP request header
 Note: further occurrences of HTTP request parsing errors will be logged at DEBUG level.

java.lang.IllegalArgumentException: Invalid character found in the request target [/?x=${jndi:dns://MDEDiscovery11cd928156xParam-8080} ]. The valid characters are defined in RFC 7230 and RFC 3986
	at org.apache.coyote.http11.Http11InputBuffer.parseRequestLine(Http11InputBuffer.java:477) ~[tomcat-embed-core-10.1.55.jar:10.1.55]
	at org.apache.coyote.http11.Http11Processor.service(Http11Processor.java:272) ~[tomcat-embed-core-10.1.55.jar:10.1.55]
	at org.apache.coyote.AbstractProcessorLight.process(AbstractProcessorLight.java:63) ~[tomcat-embed-core-10.1.55.jar:10.1.55]
	at org.apache.coyote.AbstractProtocol$ConnectionHandler.process(AbstractProtocol.java:1272) ~[tomcat-embed-core-10.1.55.jar:10.1.55]
	at org.apache.tomcat.util.net.NioEndpoint$SocketProcessor.doRun(NioEndpoint.java:1797) ~[tomcat-embed-core-10.1.55.jar:10.1.55]
	at org.apache.tomcat.util.net.SocketProcessorBase.run(SocketProcessorBase.java:52) ~[tomcat-embed-core-10.1.55.jar:10.1.55]
	at org.apache.tomcat.util.threads.ThreadPoolExecutor.runWorker(ThreadPoolExecutor.java:973) ~[tomcat-embed-core-10.1.55.jar:10.1.55]
	at org.apache.tomcat.util.threads.ThreadPoolExecutor$Worker.run(ThreadPoolExecutor.java:491) ~[tomcat-embed-core-10.1.55.jar:10.1.55]
	at org.apache.tomcat.util.threads.TaskThread$WrappingRunnable.run(TaskThread.java:63) ~[tomcat-embed-core-10.1.55.jar:10.1.55]
	at java.base/java.lang.Thread.run(Thread.java:1583) ~[na:na]

2026-06-25T10:59:45.654+05:30  INFO 22576 --- [BookManagement] [restartedMain] c.n.B.BookManagementApplication          : Starting BookManagementApplication using Java 21.0.10 with PID 22576 (C:\Users\sreyanshsrivastava\OneDrive - Nagarro\Desktop\Work\sreyansh-srivastava_3221514\Module5\BookManagement\target\classes started by sreyanshsrivastava in C:\Users\sreyanshsrivastava\OneDrive - Nagarro\Desktop\Work\sreyansh-srivastava_3221514\Module5\BookManagement)
2026-06-25T10:59:45.656+05:30 DEBUG 22576 --- [BookManagement] [restartedMain] c.n.B.BookManagementApplication          : Running with Spring Boot v3.5.15, Spring v6.2.19
2026-06-25T10:59:45.657+05:30  INFO 22576 --- [BookManagement] [restartedMain] c.n.B.BookManagementApplication          : No active profile set, falling back to 1 default profile: "default"
2026-06-25T10:59:45.717+05:30  INFO 22576 --- [BookManagement] [restartedMain] .e.DevToolsPropertyDefaultsPostProcessor : Devtools property defaults active! Set 'spring.devtools.add-properties' to 'false' to disable
2026-06-25T10:59:45.717+05:30  INFO 22576 --- [BookManagement] [restartedMain] .e.DevToolsPropertyDefaultsPostProcessor : For additional web related logging consider setting the 'logging.level.web' property to 'DEBUG'
2026-06-25T10:59:47.775+05:30  INFO 22576 --- [BookManagement] [restartedMain] .s.d.r.c.RepositoryConfigurationDelegate : Bootstrapping Spring Data JPA repositories in DEFAULT mode.
2026-06-25T10:59:47.858+05:30  INFO 22576 --- [BookManagement] [restartedMain] .s.d.r.c.RepositoryConfigurationDelegate : Finished Spring Data repository scanning in 67 ms. Found 2 JPA repository interfaces.
2026-06-25T10:59:48.710+05:30  INFO 22576 --- [BookManagement] [restartedMain] o.s.b.w.embedded.tomcat.TomcatWebServer  : Tomcat initialized with port 8080 (http)
2026-06-25T10:59:48.732+05:30  INFO 22576 --- [BookManagement] [restartedMain] o.apache.catalina.core.StandardService   : Starting service [Tomcat]
2026-06-25T10:59:48.733+05:30  INFO 22576 --- [BookManagement] [restartedMain] o.apache.catalina.core.StandardEngine    : Starting Servlet engine: [Apache Tomcat/10.1.55]
2026-06-25T10:59:48.853+05:30  INFO 22576 --- [BookManagement] [restartedMain] o.a.c.c.C.[Tomcat].[localhost].[/]       : Initializing Spring embedded WebApplicationContext
2026-06-25T10:59:48.854+05:30  INFO 22576 --- [BookManagement] [restartedMain] w.s.c.ServletWebServerApplicationContext : Root WebApplicationContext: initialization completed in 3137 ms
2026-06-25T10:59:49.350+05:30  INFO 22576 --- [BookManagement] [restartedMain] o.hibernate.jpa.internal.util.LogHelper  : HHH000204: Processing PersistenceUnitInfo [name: default]
2026-06-25T10:59:49.463+05:30  INFO 22576 --- [BookManagement] [restartedMain] org.hibernate.Version                    : HHH000412: Hibernate ORM core version 6.6.53.Final
2026-06-25T10:59:49.543+05:30  INFO 22576 --- [BookManagement] [restartedMain] o.h.c.internal.RegionFactoryInitiator    : HHH000026: Second-level cache disabled
2026-06-25T10:59:49.842+05:30  INFO 22576 --- [BookManagement] [restartedMain] o.s.o.j.p.SpringPersistenceUnitInfo      : No LoadTimeWeaver setup: ignoring JPA class transformer
2026-06-25T10:59:49.873+05:30  INFO 22576 --- [BookManagement] [restartedMain] com.zaxxer.hikari.HikariDataSource       : HikariPool-1 - Starting...
2026-06-25T10:59:50.225+05:30  INFO 22576 --- [BookManagement] [restartedMain] com.zaxxer.hikari.pool.HikariPool        : HikariPool-1 - Added connection org.postgresql.jdbc.PgConnection@4e5391e0
2026-06-25T10:59:50.226+05:30  INFO 22576 --- [BookManagement] [restartedMain] com.zaxxer.hikari.HikariDataSource       : HikariPool-1 - Start completed.
2026-06-25T10:59:50.315+05:30  INFO 22576 --- [BookManagement] [restartedMain] org.hibernate.orm.connections.pooling    : HHH10001005: Database info:
	Database JDBC URL [Connecting through datasource 'HikariDataSource (HikariPool-1)']
	Database driver: undefined/unknown
	Database version: 18.4
	Autocommit mode: undefined/unknown
	Isolation level: undefined/unknown
	Minimum pool size: undefined/unknown
	Maximum pool size: undefined/unknown
2026-06-25T10:59:51.234+05:30  INFO 22576 --- [BookManagement] [restartedMain] o.h.e.t.j.p.i.JtaPlatformInitiator       : HHH000489: No JTA platform available (set 'hibernate.transaction.jta.platform' to enable JTA platform integration)
2026-06-25T10:59:51.335+05:30  INFO 22576 --- [BookManagement] [restartedMain] j.LocalContainerEntityManagerFactoryBean : Initialized JPA EntityManagerFactory for persistence unit 'default'
2026-06-25T10:59:52.083+05:30  WARN 22576 --- [BookManagement] [restartedMain] JpaBaseConfiguration$JpaWebConfiguration : spring.jpa.open-in-view is enabled by default. Therefore, database queries may be performed during view rendering. Explicitly configure spring.jpa.open-in-view to disable this warning
2026-06-25T10:59:52.130+05:30  INFO 22576 --- [BookManagement] [restartedMain] r$InitializeUserDetailsManagerConfigurer : Global AuthenticationManager configured with UserDetailsService bean with name userDetailsService
2026-06-25T10:59:52.541+05:30  INFO 22576 --- [BookManagement] [restartedMain] o.s.b.a.e.web.EndpointLinksResolver      : Exposing 1 endpoint beneath base path '/actuator'
2026-06-25T10:59:53.070+05:30  INFO 22576 --- [BookManagement] [restartedMain] o.s.b.d.a.OptionalLiveReloadServer       : LiveReload server is running on port 35729
2026-06-25T10:59:53.169+05:30  INFO 22576 --- [BookManagement] [restartedMain] o.s.b.w.embedded.tomcat.TomcatWebServer  : Tomcat started on port 8080 (http) with context path '/'
2026-06-25T10:59:53.189+05:30  INFO 22576 --- [BookManagement] [restartedMain] c.n.B.BookManagementApplication          : Started BookManagementApplication in 8.138 seconds (process running for 8.786)
2026-06-25T11:00:05.271+05:30  INFO 22576 --- [BookManagement] [http-nio-8080-exec-2] o.a.c.c.C.[Tomcat].[localhost].[/]       : Initializing Spring DispatcherServlet 'dispatcherServlet'
2026-06-25T11:00:05.272+05:30  INFO 22576 --- [BookManagement] [http-nio-8080-exec-2] o.s.web.servlet.DispatcherServlet        : Initializing Servlet 'dispatcherServlet'
2026-06-25T11:00:05.275+05:30  INFO 22576 --- [BookManagement] [http-nio-8080-exec-2] o.s.web.servlet.DispatcherServlet        : Completed initialization in 3 ms
2026-06-25T11:00:25.374+05:30  INFO 22576 --- [BookManagement] [http-nio-8080-exec-2] o.springdoc.api.AbstractOpenApiResource  : Init duration for springdoc-openapi is: 762 ms
2026-06-25T11:11:59.864+05:30  INFO 22576 --- [BookManagement] [File Watcher] rtingClassPathChangeChangedEventListener : Restarting due to 1 class path change (0 additions, 0 deletions, 1 modification)
2026-06-25T11:11:59.871+05:30  INFO 22576 --- [BookManagement] [Thread-5] o.s.b.w.e.tomcat.GracefulShutdown        : Commencing graceful shutdown. Waiting for active requests to complete
2026-06-25T11:11:59.878+05:30  INFO 22576 --- [BookManagement] [tomcat-shutdown] o.s.b.w.e.tomcat.GracefulShutdown        : Graceful shutdown complete
2026-06-25T11:11:59.884+05:30  INFO 22576 --- [BookManagement] [Thread-5] j.LocalContainerEntityManagerFactoryBean : Closing JPA EntityManagerFactory for persistence unit 'default'
2026-06-25T11:11:59.889+05:30  INFO 22576 --- [BookManagement] [Thread-5] com.zaxxer.hikari.HikariDataSource       : HikariPool-1 - Shutdown initiated...
2026-06-25T11:11:59.892+05:30  INFO 22576 --- [BookManagement] [Thread-5] com.zaxxer.hikari.HikariDataSource       : HikariPool-1 - Shutdown completed.
2026-06-25T11:12:00.022+05:30  INFO 22576 --- [BookManagement] [restartedMain] c.n.B.BookManagementApplication          : Starting BookManagementApplication using Java 21.0.10 with PID 22576 (C:\Users\sreyanshsrivastava\OneDrive - Nagarro\Desktop\Work\sreyansh-srivastava_3221514\Module5\BookManagement\target\classes started by sreyanshsrivastava in C:\Users\sreyanshsrivastava\OneDrive - Nagarro\Desktop\Work\sreyansh-srivastava_3221514\Module5\BookManagement)
2026-06-25T11:12:00.023+05:30 DEBUG 22576 --- [BookManagement] [restartedMain] c.n.B.BookManagementApplication          : Running with Spring Boot v3.5.15, Spring v6.2.19
2026-06-25T11:12:00.023+05:30  INFO 22576 --- [BookManagement] [restartedMain] c.n.B.BookManagementApplication          : No active profile set, falling back to 1 default profile: "default"
2026-06-25T11:12:00.642+05:30  INFO 22576 --- [BookManagement] [restartedMain] .s.d.r.c.RepositoryConfigurationDelegate : Bootstrapping Spring Data JPA repositories in DEFAULT mode.
2026-06-25T11:12:00.674+05:30  INFO 22576 --- [BookManagement] [restartedMain] .s.d.r.c.RepositoryConfigurationDelegate : Finished Spring Data repository scanning in 29 ms. Found 2 JPA repository interfaces.
2026-06-25T11:12:00.831+05:30  INFO 22576 --- [BookManagement] [restartedMain] o.s.b.w.embedded.tomcat.TomcatWebServer  : Tomcat initialized with port 8080 (http)
2026-06-25T11:12:00.832+05:30  INFO 22576 --- [BookManagement] [restartedMain] o.apache.catalina.core.StandardService   : Starting service [Tomcat]
2026-06-25T11:12:00.832+05:30  INFO 22576 --- [BookManagement] [restartedMain] o.apache.catalina.core.StandardEngine    : Starting Servlet engine: [Apache Tomcat/10.1.55]
2026-06-25T11:12:00.871+05:30  INFO 22576 --- [BookManagement] [restartedMain] o.a.c.c.C.[Tomcat].[localhost].[/]       : Initializing Spring embedded WebApplicationContext
2026-06-25T11:12:00.871+05:30  INFO 22576 --- [BookManagement] [restartedMain] w.s.c.ServletWebServerApplicationContext : Root WebApplicationContext: initialization completed in 846 ms
2026-06-25T11:12:00.970+05:30  INFO 22576 --- [BookManagement] [restartedMain] o.hibernate.jpa.internal.util.LogHelper  : HHH000204: Processing PersistenceUnitInfo [name: default]
2026-06-25T11:12:00.974+05:30  INFO 22576 --- [BookManagement] [restartedMain] o.h.c.internal.RegionFactoryInitiator    : HHH000026: Second-level cache disabled
2026-06-25T11:12:00.985+05:30  INFO 22576 --- [BookManagement] [restartedMain] o.s.o.j.p.SpringPersistenceUnitInfo      : No LoadTimeWeaver setup: ignoring JPA class transformer
2026-06-25T11:12:00.987+05:30  INFO 22576 --- [BookManagement] [restartedMain] com.zaxxer.hikari.HikariDataSource       : HikariPool-2 - Starting...
2026-06-25T11:12:01.103+05:30  INFO 22576 --- [BookManagement] [restartedMain] com.zaxxer.hikari.pool.HikariPool        : HikariPool-2 - Added connection org.postgresql.jdbc.PgConnection@1072a79
2026-06-25T11:12:01.103+05:30  INFO 22576 --- [BookManagement] [restartedMain] com.zaxxer.hikari.HikariDataSource       : HikariPool-2 - Start completed.
2026-06-25T11:12:01.113+05:30  INFO 22576 --- [BookManagement] [restartedMain] org.hibernate.orm.connections.pooling    : HHH10001005: Database info:
	Database JDBC URL [Connecting through datasource 'HikariDataSource (HikariPool-2)']
	Database driver: undefined/unknown
	Database version: 18.4
	Autocommit mode: undefined/unknown
	Isolation level: undefined/unknown
	Minimum pool size: undefined/unknown
	Maximum pool size: undefined/unknown
2026-06-25T11:12:01.175+05:30  INFO 22576 --- [BookManagement] [restartedMain] o.h.e.t.j.p.i.JtaPlatformInitiator       : HHH000489: No JTA platform available (set 'hibernate.transaction.jta.platform' to enable JTA platform integration)
2026-06-25T11:12:01.196+05:30  INFO 22576 --- [BookManagement] [restartedMain] j.LocalContainerEntityManagerFactoryBean : Initialized JPA EntityManagerFactory for persistence unit 'default'
2026-06-25T11:12:01.441+05:30  WARN 22576 --- [BookManagement] [restartedMain] JpaBaseConfiguration$JpaWebConfiguration : spring.jpa.open-in-view is enabled by default. Therefore, database queries may be performed during view rendering. Explicitly configure spring.jpa.open-in-view to disable this warning
2026-06-25T11:12:01.448+05:30  INFO 22576 --- [BookManagement] [restartedMain] r$InitializeUserDetailsManagerConfigurer : Global AuthenticationManager configured with UserDetailsService bean with name userDetailsService
2026-06-25T11:12:01.590+05:30  INFO 22576 --- [BookManagement] [restartedMain] o.s.b.a.e.web.EndpointLinksResolver      : Exposing 1 endpoint beneath base path '/actuator'
2026-06-25T11:12:01.744+05:30  INFO 22576 --- [BookManagement] [restartedMain] o.s.b.d.a.OptionalLiveReloadServer       : LiveReload server is running on port 35729
2026-06-25T11:12:01.765+05:30  INFO 22576 --- [BookManagement] [restartedMain] o.s.b.w.embedded.tomcat.TomcatWebServer  : Tomcat started on port 8080 (http) with context path '/'
2026-06-25T11:12:01.775+05:30  INFO 22576 --- [BookManagement] [restartedMain] c.n.B.BookManagementApplication          : Started BookManagementApplication in 1.789 seconds (process running for 737.372)
2026-06-25T11:12:01.784+05:30  INFO 22576 --- [BookManagement] [restartedMain] .ConditionEvaluationDeltaLoggingListener : Condition evaluation unchanged
2026-06-25T11:12:38.647+05:30  INFO 22576 --- [BookManagement] [http-nio-8080-exec-1] o.a.c.c.C.[Tomcat].[localhost].[/]       : Initializing Spring DispatcherServlet 'dispatcherServlet'
2026-06-25T11:12:38.648+05:30  INFO 22576 --- [BookManagement] [http-nio-8080-exec-1] o.s.web.servlet.DispatcherServlet        : Initializing Servlet 'dispatcherServlet'
2026-06-25T11:12:38.650+05:30  INFO 22576 --- [BookManagement] [http-nio-8080-exec-1] o.s.web.servlet.DispatcherServlet        : Completed initialization in 2 ms
2026-06-25T11:18:56.666+05:30  INFO 22576 --- [BookManagement] [File Watcher] rtingClassPathChangeChangedEventListener : Restarting due to 1 class path change (0 additions, 0 deletions, 1 modification)
2026-06-25T11:18:56.668+05:30  INFO 22576 --- [BookManagement] [Thread-7] o.s.b.w.e.tomcat.GracefulShutdown        : Commencing graceful shutdown. Waiting for active requests to complete
2026-06-25T11:18:56.676+05:30  INFO 22576 --- [BookManagement] [tomcat-shutdown] o.s.b.w.e.tomcat.GracefulShutdown        : Graceful shutdown complete
2026-06-25T11:18:56.681+05:30  INFO 22576 --- [BookManagement] [Thread-7] j.LocalContainerEntityManagerFactoryBean : Closing JPA EntityManagerFactory for persistence unit 'default'
2026-06-25T11:18:56.681+05:30  INFO 22576 --- [BookManagement] [Thread-7] com.zaxxer.hikari.HikariDataSource       : HikariPool-2 - Shutdown initiated...
2026-06-25T11:18:56.684+05:30  INFO 22576 --- [BookManagement] [Thread-7] com.zaxxer.hikari.HikariDataSource       : HikariPool-2 - Shutdown completed.
2026-06-25T11:18:56.805+05:30  INFO 22576 --- [BookManagement] [restartedMain] c.n.B.BookManagementApplication          : Starting BookManagementApplication using Java 21.0.10 with PID 22576 (C:\Users\sreyanshsrivastava\OneDrive - Nagarro\Desktop\Work\sreyansh-srivastava_3221514\Module5\BookManagement\target\classes started by sreyanshsrivastava in C:\Users\sreyanshsrivastava\OneDrive - Nagarro\Desktop\Work\sreyansh-srivastava_3221514\Module5\BookManagement)
2026-06-25T11:18:56.806+05:30 DEBUG 22576 --- [BookManagement] [restartedMain] c.n.B.BookManagementApplication          : Running with Spring Boot v3.5.15, Spring v6.2.19
2026-06-25T11:18:56.806+05:30  INFO 22576 --- [BookManagement] [restartedMain] c.n.B.BookManagementApplication          : No active profile set, falling back to 1 default profile: "default"
2026-06-25T11:18:57.237+05:30  INFO 22576 --- [BookManagement] [restartedMain] .s.d.r.c.RepositoryConfigurationDelegate : Bootstrapping Spring Data JPA repositories in DEFAULT mode.
2026-06-25T11:18:57.261+05:30  INFO 22576 --- [BookManagement] [restartedMain] .s.d.r.c.RepositoryConfigurationDelegate : Finished Spring Data repository scanning in 22 ms. Found 2 JPA repository interfaces.
2026-06-25T11:18:57.360+05:30  INFO 22576 --- [BookManagement] [restartedMain] o.s.b.w.embedded.tomcat.TomcatWebServer  : Tomcat initialized with port 8080 (http)
2026-06-25T11:18:57.361+05:30  INFO 22576 --- [BookManagement] [restartedMain] o.apache.catalina.core.StandardService   : Starting service [Tomcat]
2026-06-25T11:18:57.361+05:30  INFO 22576 --- [BookManagement] [restartedMain] o.apache.catalina.core.StandardEngine    : Starting Servlet engine: [Apache Tomcat/10.1.55]
2026-06-25T11:18:57.388+05:30  INFO 22576 --- [BookManagement] [restartedMain] o.a.c.c.C.[Tomcat].[localhost].[/]       : Initializing Spring embedded WebApplicationContext
2026-06-25T11:18:57.388+05:30  INFO 22576 --- [BookManagement] [restartedMain] w.s.c.ServletWebServerApplicationContext : Root WebApplicationContext: initialization completed in 579 ms
2026-06-25T11:18:57.466+05:30  INFO 22576 --- [BookManagement] [restartedMain] o.hibernate.jpa.internal.util.LogHelper  : HHH000204: Processing PersistenceUnitInfo [name: default]
2026-06-25T11:18:57.469+05:30  INFO 22576 --- [BookManagement] [restartedMain] o.h.c.internal.RegionFactoryInitiator    : HHH000026: Second-level cache disabled
2026-06-25T11:18:57.479+05:30  INFO 22576 --- [BookManagement] [restartedMain] o.s.o.j.p.SpringPersistenceUnitInfo      : No LoadTimeWeaver setup: ignoring JPA class transformer
2026-06-25T11:18:57.480+05:30  INFO 22576 --- [BookManagement] [restartedMain] com.zaxxer.hikari.HikariDataSource       : HikariPool-3 - Starting...
2026-06-25T11:18:57.638+05:30  INFO 22576 --- [BookManagement] [restartedMain] com.zaxxer.hikari.pool.HikariPool        : HikariPool-3 - Added connection org.postgresql.jdbc.PgConnection@145f9074
2026-06-25T11:18:57.638+05:30  INFO 22576 --- [BookManagement] [restartedMain] com.zaxxer.hikari.HikariDataSource       : HikariPool-3 - Start completed.
2026-06-25T11:18:57.656+05:30  INFO 22576 --- [BookManagement] [restartedMain] org.hibernate.orm.connections.pooling    : HHH10001005: Database info:
	Database JDBC URL [Connecting through datasource 'HikariDataSource (HikariPool-3)']
	Database driver: undefined/unknown
	Database version: 18.4
	Autocommit mode: undefined/unknown
	Isolation level: undefined/unknown
	Minimum pool size: undefined/unknown
	Maximum pool size: undefined/unknown
2026-06-25T11:18:57.740+05:30  INFO 22576 --- [BookManagement] [restartedMain] o.h.e.t.j.p.i.JtaPlatformInitiator       : HHH000489: No JTA platform available (set 'hibernate.transaction.jta.platform' to enable JTA platform integration)
2026-06-25T11:18:57.801+05:30  INFO 22576 --- [BookManagement] [restartedMain] j.LocalContainerEntityManagerFactoryBean : Initialized JPA EntityManagerFactory for persistence unit 'default'
2026-06-25T11:18:58.093+05:30  WARN 22576 --- [BookManagement] [restartedMain] JpaBaseConfiguration$JpaWebConfiguration : spring.jpa.open-in-view is enabled by default. Therefore, database queries may be performed during view rendering. Explicitly configure spring.jpa.open-in-view to disable this warning
2026-06-25T11:18:58.101+05:30  INFO 22576 --- [BookManagement] [restartedMain] r$InitializeUserDetailsManagerConfigurer : Global AuthenticationManager configured with UserDetailsService bean with name userDetailsService
2026-06-25T11:18:58.231+05:30  INFO 22576 --- [BookManagement] [restartedMain] o.s.b.a.e.web.EndpointLinksResolver      : Exposing 1 endpoint beneath base path '/actuator'
2026-06-25T11:18:58.355+05:30  INFO 22576 --- [BookManagement] [restartedMain] o.s.b.d.a.OptionalLiveReloadServer       : LiveReload server is running on port 35729
2026-06-25T11:18:58.372+05:30  INFO 22576 --- [BookManagement] [restartedMain] o.s.b.w.embedded.tomcat.TomcatWebServer  : Tomcat started on port 8080 (http) with context path '/'
2026-06-25T11:18:58.401+05:30  INFO 22576 --- [BookManagement] [restartedMain] c.n.B.BookManagementApplication          : Started BookManagementApplication in 1.632 seconds (process running for 1153.999)
2026-06-25T11:18:58.406+05:30  INFO 22576 --- [BookManagement] [restartedMain] .ConditionEvaluationDeltaLoggingListener : Condition evaluation unchanged
2026-06-25T11:20:06.877+05:30  INFO 22576 --- [BookManagement] [File Watcher] rtingClassPathChangeChangedEventListener : Restarting due to 1 class path change (0 additions, 0 deletions, 1 modification)
2026-06-25T11:20:06.879+05:30  INFO 22576 --- [BookManagement] [Thread-11] o.s.b.w.e.tomcat.GracefulShutdown        : Commencing graceful shutdown. Waiting for active requests to complete
2026-06-25T11:20:06.889+05:30  INFO 22576 --- [BookManagement] [tomcat-shutdown] o.s.b.w.e.tomcat.GracefulShutdown        : Graceful shutdown complete
2026-06-25T11:20:06.892+05:30  INFO 22576 --- [BookManagement] [Thread-11] j.LocalContainerEntityManagerFactoryBean : Closing JPA EntityManagerFactory for persistence unit 'default'
2026-06-25T11:20:06.893+05:30  INFO 22576 --- [BookManagement] [Thread-11] com.zaxxer.hikari.HikariDataSource       : HikariPool-3 - Shutdown initiated...
2026-06-25T11:20:06.895+05:30  INFO 22576 --- [BookManagement] [Thread-11] com.zaxxer.hikari.HikariDataSource       : HikariPool-3 - Shutdown completed.
2026-06-25T11:20:06.983+05:30  INFO 22576 --- [BookManagement] [restartedMain] c.n.B.BookManagementApplication          : Starting BookManagementApplication using Java 21.0.10 with PID 22576 (C:\Users\sreyanshsrivastava\OneDrive - Nagarro\Desktop\Work\sreyansh-srivastava_3221514\Module5\BookManagement\target\classes started by sreyanshsrivastava in C:\Users\sreyanshsrivastava\OneDrive - Nagarro\Desktop\Work\sreyansh-srivastava_3221514\Module5\BookManagement)
2026-06-25T11:20:06.984+05:30 DEBUG 22576 --- [BookManagement] [restartedMain] c.n.B.BookManagementApplication          : Running with Spring Boot v3.5.15, Spring v6.2.19
2026-06-25T11:20:06.984+05:30  INFO 22576 --- [BookManagement] [restartedMain] c.n.B.BookManagementApplication          : No active profile set, falling back to 1 default profile: "default"
2026-06-25T11:20:07.395+05:30  INFO 22576 --- [BookManagement] [restartedMain] .s.d.r.c.RepositoryConfigurationDelegate : Bootstrapping Spring Data JPA repositories in DEFAULT mode.
2026-06-25T11:20:07.417+05:30  INFO 22576 --- [BookManagement] [restartedMain] .s.d.r.c.RepositoryConfigurationDelegate : Finished Spring Data repository scanning in 20 ms. Found 2 JPA repository interfaces.
2026-06-25T11:20:07.504+05:30  INFO 22576 --- [BookManagement] [restartedMain] o.s.b.w.embedded.tomcat.TomcatWebServer  : Tomcat initialized with port 8080 (http)
2026-06-25T11:20:07.505+05:30  INFO 22576 --- [BookManagement] [restartedMain] o.apache.catalina.core.StandardService   : Starting service [Tomcat]
2026-06-25T11:20:07.505+05:30  INFO 22576 --- [BookManagement] [restartedMain] o.apache.catalina.core.StandardEngine    : Starting Servlet engine: [Apache Tomcat/10.1.55]
2026-06-25T11:20:07.533+05:30  INFO 22576 --- [BookManagement] [restartedMain] o.a.c.c.C.[Tomcat].[localhost].[/]       : Initializing Spring embedded WebApplicationContext
2026-06-25T11:20:07.533+05:30  INFO 22576 --- [BookManagement] [restartedMain] w.s.c.ServletWebServerApplicationContext : Root WebApplicationContext: initialization completed in 547 ms
2026-06-25T11:20:07.577+05:30  INFO 22576 --- [BookManagement] [restartedMain] o.hibernate.jpa.internal.util.LogHelper  : HHH000204: Processing PersistenceUnitInfo [name: default]
2026-06-25T11:20:07.580+05:30  INFO 22576 --- [BookManagement] [restartedMain] o.h.c.internal.RegionFactoryInitiator    : HHH000026: Second-level cache disabled
2026-06-25T11:20:07.588+05:30  INFO 22576 --- [BookManagement] [restartedMain] o.s.o.j.p.SpringPersistenceUnitInfo      : No LoadTimeWeaver setup: ignoring JPA class transformer
2026-06-25T11:20:07.589+05:30  INFO 22576 --- [BookManagement] [restartedMain] com.zaxxer.hikari.HikariDataSource       : HikariPool-4 - Starting...
2026-06-25T11:20:07.686+05:30  INFO 22576 --- [BookManagement] [restartedMain] com.zaxxer.hikari.pool.HikariPool        : HikariPool-4 - Added connection org.postgresql.jdbc.PgConnection@1625ee0
2026-06-25T11:20:07.686+05:30  INFO 22576 --- [BookManagement] [restartedMain] com.zaxxer.hikari.HikariDataSource       : HikariPool-4 - Start completed.
2026-06-25T11:20:07.694+05:30  INFO 22576 --- [BookManagement] [restartedMain] org.hibernate.orm.connections.pooling    : HHH10001005: Database info:
	Database JDBC URL [Connecting through datasource 'HikariDataSource (HikariPool-4)']
	Database driver: undefined/unknown
	Database version: 18.4
	Autocommit mode: undefined/unknown
	Isolation level: undefined/unknown
	Minimum pool size: undefined/unknown
	Maximum pool size: undefined/unknown
2026-06-25T11:20:07.744+05:30  INFO 22576 --- [BookManagement] [restartedMain] o.h.e.t.j.p.i.JtaPlatformInitiator       : HHH000489: No JTA platform available (set 'hibernate.transaction.jta.platform' to enable JTA platform integration)
2026-06-25T11:20:07.768+05:30  INFO 22576 --- [BookManagement] [restartedMain] j.LocalContainerEntityManagerFactoryBean : Initialized JPA EntityManagerFactory for persistence unit 'default'
2026-06-25T11:20:08.038+05:30  WARN 22576 --- [BookManagement] [restartedMain] JpaBaseConfiguration$JpaWebConfiguration : spring.jpa.open-in-view is enabled by default. Therefore, database queries may be performed during view rendering. Explicitly configure spring.jpa.open-in-view to disable this warning
2026-06-25T11:20:08.049+05:30  INFO 22576 --- [BookManagement] [restartedMain] r$InitializeUserDetailsManagerConfigurer : Global AuthenticationManager configured with UserDetailsService bean with name userDetailsService
2026-06-25T11:20:08.136+05:30  INFO 22576 --- [BookManagement] [restartedMain] o.s.b.a.e.web.EndpointLinksResolver      : Exposing 1 endpoint beneath base path '/actuator'
2026-06-25T11:20:08.219+05:30  INFO 22576 --- [BookManagement] [restartedMain] o.s.b.d.a.OptionalLiveReloadServer       : LiveReload server is running on port 35729
2026-06-25T11:20:08.239+05:30  INFO 22576 --- [BookManagement] [restartedMain] o.s.b.w.embedded.tomcat.TomcatWebServer  : Tomcat started on port 8080 (http) with context path '/'
2026-06-25T11:20:08.245+05:30  INFO 22576 --- [BookManagement] [restartedMain] c.n.B.BookManagementApplication          : Started BookManagementApplication in 1.286 seconds (process running for 1223.842)
2026-06-25T11:20:08.246+05:30  INFO 22576 --- [BookManagement] [restartedMain] .ConditionEvaluationDeltaLoggingListener : Condition evaluation unchanged
2026-06-25T11:20:29.728+05:30  INFO 18132 --- [BookManagement] [restartedMain] c.n.B.BookManagementApplication          : Starting BookManagementApplication using Java 21.0.10 with PID 18132 (C:\Users\sreyanshsrivastava\OneDrive - Nagarro\Desktop\Work\sreyansh-srivastava_3221514\Module5\BookManagement\target\classes started by sreyanshsrivastava in C:\Users\sreyanshsrivastava\OneDrive - Nagarro\Desktop\Work\sreyansh-srivastava_3221514\Module5\BookManagement)
2026-06-25T11:20:29.730+05:30 DEBUG 18132 --- [BookManagement] [restartedMain] c.n.B.BookManagementApplication          : Running with Spring Boot v3.5.15, Spring v6.2.19
2026-06-25T11:20:29.731+05:30  INFO 18132 --- [BookManagement] [restartedMain] c.n.B.BookManagementApplication          : No active profile set, falling back to 1 default profile: "default"
2026-06-25T11:20:29.799+05:30  INFO 18132 --- [BookManagement] [restartedMain] .e.DevToolsPropertyDefaultsPostProcessor : Devtools property defaults active! Set 'spring.devtools.add-properties' to 'false' to disable
2026-06-25T11:20:29.799+05:30  INFO 18132 --- [BookManagement] [restartedMain] .e.DevToolsPropertyDefaultsPostProcessor : For additional web related logging consider setting the 'logging.level.web' property to 'DEBUG'
2026-06-25T11:20:31.135+05:30  INFO 18132 --- [BookManagement] [restartedMain] .s.d.r.c.RepositoryConfigurationDelegate : Bootstrapping Spring Data JPA repositories in DEFAULT mode.
2026-06-25T11:20:31.212+05:30  INFO 18132 --- [BookManagement] [restartedMain] .s.d.r.c.RepositoryConfigurationDelegate : Finished Spring Data repository scanning in 63 ms. Found 2 JPA repository interfaces.
2026-06-25T11:20:31.978+05:30  INFO 18132 --- [BookManagement] [restartedMain] o.s.b.w.embedded.tomcat.TomcatWebServer  : Tomcat initialized with port 8080 (http)
2026-06-25T11:20:31.994+05:30  INFO 18132 --- [BookManagement] [restartedMain] o.apache.catalina.core.StandardService   : Starting service [Tomcat]
2026-06-25T11:20:31.995+05:30  INFO 18132 --- [BookManagement] [restartedMain] o.apache.catalina.core.StandardEngine    : Starting Servlet engine: [Apache Tomcat/10.1.55]
2026-06-25T11:20:32.053+05:30  INFO 18132 --- [BookManagement] [restartedMain] o.a.c.c.C.[Tomcat].[localhost].[/]       : Initializing Spring embedded WebApplicationContext
2026-06-25T11:20:32.053+05:30  INFO 18132 --- [BookManagement] [restartedMain] w.s.c.ServletWebServerApplicationContext : Root WebApplicationContext: initialization completed in 2253 ms
2026-06-25T11:20:32.377+05:30  INFO 18132 --- [BookManagement] [restartedMain] o.hibernate.jpa.internal.util.LogHelper  : HHH000204: Processing PersistenceUnitInfo [name: default]
2026-06-25T11:20:32.431+05:30  INFO 18132 --- [BookManagement] [restartedMain] org.hibernate.Version                    : HHH000412: Hibernate ORM core version 6.6.53.Final
2026-06-25T11:20:32.468+05:30  INFO 18132 --- [BookManagement] [restartedMain] o.h.c.internal.RegionFactoryInitiator    : HHH000026: Second-level cache disabled
2026-06-25T11:20:32.783+05:30  INFO 18132 --- [BookManagement] [restartedMain] o.s.o.j.p.SpringPersistenceUnitInfo      : No LoadTimeWeaver setup: ignoring JPA class transformer
2026-06-25T11:20:32.820+05:30  INFO 18132 --- [BookManagement] [restartedMain] com.zaxxer.hikari.HikariDataSource       : HikariPool-1 - Starting...
2026-06-25T11:20:33.172+05:30  INFO 18132 --- [BookManagement] [restartedMain] com.zaxxer.hikari.pool.HikariPool        : HikariPool-1 - Added connection org.postgresql.jdbc.PgConnection@2daf727a
2026-06-25T11:20:33.174+05:30  INFO 18132 --- [BookManagement] [restartedMain] com.zaxxer.hikari.HikariDataSource       : HikariPool-1 - Start completed.
2026-06-25T11:20:33.247+05:30  INFO 18132 --- [BookManagement] [restartedMain] org.hibernate.orm.connections.pooling    : HHH10001005: Database info:
	Database JDBC URL [Connecting through datasource 'HikariDataSource (HikariPool-1)']
	Database driver: undefined/unknown
	Database version: 18.4
	Autocommit mode: undefined/unknown
	Isolation level: undefined/unknown
	Minimum pool size: undefined/unknown
	Maximum pool size: undefined/unknown
2026-06-25T11:20:34.200+05:30  INFO 18132 --- [BookManagement] [restartedMain] o.h.e.t.j.p.i.JtaPlatformInitiator       : HHH000489: No JTA platform available (set 'hibernate.transaction.jta.platform' to enable JTA platform integration)
2026-06-25T11:20:34.244+05:30  INFO 18132 --- [BookManagement] [restartedMain] j.LocalContainerEntityManagerFactoryBean : Initialized JPA EntityManagerFactory for persistence unit 'default'
2026-06-25T11:20:34.868+05:30  WARN 18132 --- [BookManagement] [restartedMain] JpaBaseConfiguration$JpaWebConfiguration : spring.jpa.open-in-view is enabled by default. Therefore, database queries may be performed during view rendering. Explicitly configure spring.jpa.open-in-view to disable this warning
2026-06-25T11:20:34.902+05:30  INFO 18132 --- [BookManagement] [restartedMain] r$InitializeUserDetailsManagerConfigurer : Global AuthenticationManager configured with UserDetailsService bean with name userDetailsService
2026-06-25T11:20:35.276+05:30  INFO 18132 --- [BookManagement] [restartedMain] o.s.b.a.e.web.EndpointLinksResolver      : Exposing 1 endpoint beneath base path '/actuator'
2026-06-25T11:20:35.854+05:30  INFO 18132 --- [BookManagement] [restartedMain] o.s.b.d.a.OptionalLiveReloadServer       : LiveReload server is running on port 35729
2026-06-25T11:20:35.953+05:30  INFO 18132 --- [BookManagement] [restartedMain] o.s.b.w.embedded.tomcat.TomcatWebServer  : Tomcat started on port 8080 (http) with context path '/'
2026-06-25T11:20:35.975+05:30  INFO 18132 --- [BookManagement] [restartedMain] c.n.B.BookManagementApplication          : Started BookManagementApplication in 6.734 seconds (process running for 7.223)
2026-06-25T11:20:48.058+05:30  INFO 18132 --- [BookManagement] [http-nio-8080-exec-1] o.a.c.c.C.[Tomcat].[localhost].[/]       : Initializing Spring DispatcherServlet 'dispatcherServlet'
2026-06-25T11:20:48.059+05:30  INFO 18132 --- [BookManagement] [http-nio-8080-exec-1] o.s.web.servlet.DispatcherServlet        : Initializing Servlet 'dispatcherServlet'
2026-06-25T11:20:48.062+05:30  INFO 18132 --- [BookManagement] [http-nio-8080-exec-1] o.s.web.servlet.DispatcherServlet        : Completed initialization in 2 ms
2026-06-25T11:20:49.217+05:30  INFO 18132 --- [BookManagement] [http-nio-8080-exec-9] o.springdoc.api.AbstractOpenApiResource  : Init duration for springdoc-openapi is: 723 ms
2026-06-25T11:30:09.254+05:30  INFO 18132 --- [BookManagement] [http-nio-8080-exec-6] c.n.B.service.impl.BookServiceImpl       : Fetching book with id: 5
2026-06-25T11:32:54.363+05:30  INFO 18132 --- [BookManagement] [http-nio-8080-exec-10] c.n.B.service.impl.BookServiceImpl       : Fetching book with id: 5
2026-06-25T11:32:57.229+05:30  INFO 18132 --- [BookManagement] [http-nio-8080-exec-9] c.n.B.service.impl.BookServiceImpl       : Fetching book with id: 5
2026-06-25T11:33:00.077+05:30  INFO 18132 --- [BookManagement] [http-nio-8080-exec-1] c.n.B.service.impl.BookServiceImpl       : Fetching book with id: 5
2026-06-25T11:33:01.294+05:30  INFO 18132 --- [BookManagement] [http-nio-8080-exec-3] c.n.B.service.impl.BookServiceImpl       : Fetching book with id: 5
2026-06-25T11:34:14.936+05:30  INFO 18132 --- [BookManagement] [http-nio-8080-exec-5] c.n.B.service.impl.BookServiceImpl       : Fetching all books
2026-06-25T11:59:48.561+05:30  WARN 18132 --- [BookManagement] [HikariPool-1:housekeeper] com.zaxxer.hikari.pool.HikariPool        : HikariPool-1 - Thread starvation or clock leap detected (housekeeper delta=17m44s954ms383µs800ns).
